# JRE version: OpenJDK Runtime Environment Corretto-11.0.23.9.1 (11.0.23+9) (build 11.0.23+9-LTS)
# Java VM: OpenJDK 64-Bit Server VM Corretto-11.0.23.9.1 (11.0.23+9-LTS, mixed mode, tiered, compressed oops, g1 gc, windows-amd64)
Heap:
 garbage-first heap   total 120832K, used 17757K [0x000000008ac00000, 0x0000000100000000)
  region size 1024K, 12 young (12288K), 6 survivors (6144K)
 Metaspace       used 35413K, capacity 36653K, committed 36784K, reserved 1081344K
  class space    used 4097K, capacity 4573K, committed 4608K, reserved 1048576K
GC Heap History (10 events):
Event: 1.427 GC heap before
{Heap before GC invocations=0 (full 0):
 garbage-first heap   total 120832K, used 24576K [0x000000008ac00000, 0x0000000100000000)
  region size 1024K, 24 young (24576K), 0 survivors (0K)
 Metaspace       used 13480K, capacity 13975K, committed 14208K, reserved 1062912K
  class space    used 1394K, capacity 1581K, committed 1664K, reserved 1048576K
}
Event: 1.437 GC heap after
{Heap after GC invocations=1 (full 0):
 garbage-first heap   total 120832K, used 5346K [0x000000008ac00000, 0x0000000100000000)
  region size 1024K, 3 young (3072K), 3 survivors (3072K)
 Metaspace       used 13480K, capacity 13975K, committed 14208K, reserved 1062912K
  class space    used 1394K, capacity 1581K, committed 1664K, reserved 1048576K
}
Event: 2.245 GC heap before
{Heap before GC invocations=1 (full 0):
 garbage-first heap   total 120832K, used 29922K [0x000000008ac00000, 0x0000000100000000)
  region size 1024K, 28 young (28672K), 3 survivors (3072K)
 Metaspace       used 20402K, capacity 21124K, committed 21296K, reserved 1069056K
  class space    used 2157K, capacity 2417K, committed 2432K, reserved 1048576K
}
Event: 2.255 GC heap after
{Heap after GC invocations=2 (full 0):
 garbage-first heap   total 120832K, used 6816K [0x000000008ac00000, 0x0000000100000000)
  region size 1024K, 5 young (5120K), 5 survivors (5120K)
 Metaspace       used 20402K, capacity 21124K, committed 21296K, reserved 1069056K
  class space    used 2157K, capacity 2417K, committed 2432K, reserved 1048576K
}
Event: 3.172 GC heap before
{Heap before GC invocations=3 (full 0):
 garbage-first heap   total 120832K, used 36512K [0x000000008ac00000, 0x0000000100000000)
  region size 1024K, 34 young (34816K), 5 survivors (5120K)
 Metaspace       used 26550K, capacity 27517K, committed 27568K, reserved 1073152K
  class space    used 2915K, capacity 3291K, committed 3328K, reserved 1048576K
}
Event: 3.188 GC heap after
{Heap after GC invocations=4 (full 0):
 garbage-first heap   total 120832K, used 10367K [0x000000008ac00000, 0x0000000100000000)
  region size 1024K, 5 young (5120K), 5 survivors (5120K)
 Metaspace       used 26550K, capacity 27517K, committed 27568K, reserved 1073152K
  class space    used 2915K, capacity 3291K, committed 3328K, reserved 1048576K
}
Event: 5.389 GC heap before
{Heap before GC invocations=4 (full 0):
 garbage-first heap   total 120832K, used 67711K [0x000000008ac00000, 0x0000000100000000)
  region size 1024K, 61 young (62464K), 5 survivors (5120K)
 Metaspace       used 30694K, capacity 31659K, committed 31920K, reserved 1077248K
  class space    used 3418K, capacity 3793K, committed 3840K, reserved 1048576K
}
Event: 5.399 GC heap after
{Heap after GC invocations=5 (full 0):
 garbage-first heap   total 120832K, used 11221K [0x000000008ac00000, 0x0000000100000000)
  region size 1024K, 5 young (5120K), 5 survivors (5120K)
 Metaspace       used 30694K, capacity 31659K, committed 31920K, reserved 1077248K
  class space    used 3418K, capacity 3793K, committed 3840K, reserved 1048576K
}
Event: 6.012 GC heap before
{Heap before GC invocations=5 (full 0):
 garbage-first heap   total 120832K, used 38869K [0x000000008ac00000, 0x0000000100000000)
  region size 1024K, 33 young (33792K), 5 survivors (5120K)
 Metaspace       used 34334K, capacity 35528K, committed 35632K, reserved 1081344K
  class space    used 3959K, capacity 4432K, committed 4480K, reserved 1048576K
}
Event: 6.020 GC heap after
{Heap after GC invocations=6 (full 0):
 garbage-first heap   total 120832K, used 12637K [0x000000008ac00000, 0x0000000100000000)
  region size 1024K, 6 young (6144K), 6 survivors (6144K)
 Metaspace       used 34334K, capacity 35528K, committed 35632K, reserved 1081344K
  class space    used 3959K, capacity 4432K, committed 4480K, reserved 1048576K
}

